<?xml version="1.0" encoding="UTF-8"?>
<!-- Generated by org.testng.reporters.JUnitReportReporter -->
<testsuite skipped="0" hostname="LAPTOP-CESU4ELL" name="com.actTime.script.DemoA" tests="2" failures="0" timestamp="10 Sep 2020 17:40:53 GMT" time="23.157" errors="0">
  <testcase name="OpenActime" time="10.439" classname="com.actTime.script.DemoA"/>
  <testcase name="TestBrowser" time="12.718" classname="com.actTime.script.DemoA"/>
</testsuite> <!-- com.actTime.script.DemoA -->
